       time          fcacc           rlvacc          frtacc          fbracc          rlwacc     

       1.00          0.0000          0.0000          0.0000          0.0000          0.0000
       2.00         37.7526         10.0464          2.2650          2.2261         20.9890
       3.00         42.5997         10.6194          2.1300          2.6119         24.6265
       4.00         40.0272         13.9279          2.1770          2.0932         19.7359
       5.00         39.8074         16.0769          2.1511          1.8882         17.8030
       6.00         67.0851         23.3192          3.9437          3.4844         32.8533
       7.00        125.3509         32.8338          8.1847          7.3791         69.5742
       8.00        267.7919         69.4953         14.9350         16.0441        151.2733
       9.00        302.4452         84.6632         20.8075         17.2353        162.5039
      10.00        412.4594        111.7323         24.8337         24.1407        227.6120
      11.00        367.6638        120.1580         26.4297         19.3442        182.3878
      12.00        443.0972        135.2161         25.3483         24.7216        233.0896
      13.00        482.4884        152.4818         32.1269         26.0645        245.7508
      14.00        477.3106        160.5530         35.8965         24.5753        231.7105
      15.00        469.1586        161.6257         35.2414         23.8255        224.6406
      16.00        421.1293        174.0921         32.1176         18.8055        177.3086
      17.00        497.6133        168.8288         40.4731         25.2272        237.8569
      18.00        615.5754        198.4767         50.9771         32.0356        302.0503
      19.00        399.5607        183.8306         37.5652         15.5894        146.9860
      20.00        507.6179        197.0376         43.2065         23.3952        220.5834
      21.00        337.0425        187.4970         29.8351         10.4747         98.7611
      22.00        635.5422        205.6691         62.3118         32.1616        303.2380
      23.00        528.4221        205.2439         53.9844         23.5545        222.0849
      24.00        638.3714        210.7925         73.3213         30.9975        292.2625
      25.00        508.5456        212.3468         58.4319         20.8046        196.1576
      26.00        523.4529        213.9717         59.3476         21.8867        206.3603
      27.00        564.2176        217.4986         64.6938         24.6772        232.6708
      28.00        555.7181        206.1510         68.8060         24.5666        231.6279
      29.00        325.5601        217.8539         33.4018          6.5016         61.3011
      30.00        535.6654        217.9430         64.0350         22.1977        209.2922
      31.00        506.5568        219.2095         60.3164         19.8652        187.3006
      32.00        479.6746        218.1012         57.3753         17.8673        168.4635
      33.00        342.0305        201.8900         39.2158          8.8309         83.2629
      34.00        542.0766        226.7273         66.7588         21.7517        205.0872
      35.00        322.0509        208.2656         34.9914          6.8945         65.0050
      36.00        389.3685        212.8060         44.4531         11.5596        108.9902
      37.00        456.9561        212.9908         54.6767         16.5628        156.1631
      38.00        437.2783        213.1577         52.5810         15.0097        141.5202
      39.00        398.4315        211.3529         47.0929         12.2488        115.4883
      40.00        579.9976        218.2736         71.2602         25.4156        239.6326
      41.00        400.3189        213.2198         46.5867         12.2948        115.9228
      42.00        369.9986        204.6581         42.3559         10.7611        101.4622
      43.00        619.1884        223.5571         76.9210         27.8872        262.9361
      44.00        406.4581        212.8811         47.4428         12.7867        120.5607
      45.00        399.4506        214.6955         45.7709         12.1611        114.6619
      46.00        368.4606        210.5649         41.3233         10.2001         96.1722
      47.00        560.5831        217.4072         68.1333         24.0662        226.9102
      48.00        481.9447        214.5833         58.0993         18.3104        172.6413
      49.00        603.8896        222.1546         76.5983         26.6995        251.7378
      50.00        443.4625        217.0933         53.6422         15.1136        142.4998
      51.00        551.6782        222.1009         66.7915         22.9938        216.7983
      52.00        352.7073        214.0322         39.5119          8.6768         81.8096
      53.00        696.5889        227.1688         88.3033         33.3477        314.4214
      54.00        604.9316        226.4014         74.6295         26.5913        250.7181
      55.00        615.3965        229.2586         77.0918         27.0415        254.9630
      56.00        485.6148        224.9761         58.1554         17.7173        167.0487
      57.00        567.8149        229.9852         68.3958         23.5755        222.2830
      58.00        396.2310        224.6531         45.1470         11.0627        104.3055
      59.00        504.4677        228.2082         60.9504         18.8396        177.6301
      60.00        500.1374        225.9575         58.9347         18.8340        177.5773
      61.00        450.0386        217.3144         53.4044         15.6905        147.9388
      62.00        567.5978        233.4275         68.3401         23.2601        219.3099
      63.00        452.4198        226.2626         52.5877         15.1873        143.1948
      64.00        542.9112        221.1882         66.3442         22.3456        210.6875
      65.00        443.5255        230.1845         52.0721         14.1110        133.0469
      66.00        548.7642        229.0811         66.4263         22.1600        208.9368
      67.00        570.2404        229.4795         68.4539         23.8269        224.6532
      68.00        506.3401        229.2114         58.5602         19.1247        180.3190
      69.00        375.6347        224.6286         42.1523          9.5247         89.8044
      70.00        547.1445        229.4039         64.6799         22.1428        208.7751
      71.00        377.9985        223.7400         41.9345          9.8283         92.6673
      72.00        566.6709        227.7365         69.0041         23.6189        222.6926
      73.00        423.8987        225.0416         50.0706         13.0188        122.7489
      74.00        541.8508        227.2900         63.9541         21.9281        206.7506
      75.00        390.8632        222.8126         41.7456         11.0517        104.2016
      76.00        547.5054        226.8981         63.3942         22.5061        212.2008
      77.00        461.1216        225.5213         52.6203         16.0107        150.9585
      78.00        493.2621        207.0017         61.9249         19.6294        185.0768
      79.00        520.1974        235.5669         62.1351         19.4683        183.5587
      80.00        483.7109        226.4257         55.1027         17.6910        166.8007
      81.00        448.9236        224.4825         48.5818         15.3877        145.0840
      82.00        505.3701        226.9979         58.7739         19.2149        181.1686
      83.00        512.2228        225.8019         59.7036         19.8378        187.0417
      84.00        551.0919        228.9423         63.0445         22.6717        213.7617
      85.00        414.0945        224.1004         44.3812         12.7411        120.1306
      86.00        369.6595        221.0332         38.9278          9.5986         90.5013
      87.00        593.3212        228.1799         66.5012         26.1310        246.3782
      88.00        574.2698        226.7766         67.1321         24.5316        231.2979
      89.00        282.3027        216.0970         30.3158          3.1404         29.6091
      90.00        517.6824        225.7685         58.5454         20.4198        192.5291
      91.00        623.9571        229.7637         71.3621         28.2477        266.3358
      92.00        595.4913        230.1693         71.2020         25.7355        242.6490
      93.00        454.8770        227.2109         50.0709         15.5396        146.5161
      94.00        542.2808        230.0443         62.2696         21.8721        206.2228
      95.00        566.3481        231.1735         64.5490         23.6797        223.2661
      96.00        473.8553        229.8619         51.4498         16.8476        158.8484
      97.00        539.8649        230.2471         63.6540         21.5218        202.9201
      98.00        563.7051        232.1973         64.4709         23.3657        220.3055
      99.00        475.3572        231.1253         53.8494         16.6585        157.0655
     100.00        570.9248        232.9858         63.6452         24.0007        226.2924
