       time          agcprd          bgcprd          agcacc          bgcacc          aglivc          stdedc          somtc           somsc           som1c(1)        som1c(2)        som2c(1)        som2c(2)        som3c           wdfx            wdfxa           wdfxs           wdfxma          wdfxms     

       1.00          0.0000          0.0000          0.0000          0.0000          3.0910         72.6900        219.6700          0.0000          0.0000          0.0000          0.0000          0.0000          0.0000          0.0000          0.0000          0.0000          0.0000          0.0000
    2901.00         32.1538         58.0565         32.6486         60.4133          0.9635         21.4919       3540.2803       3422.3447          9.4932         39.9697         31.0148       2426.5803        955.7947          0.3473          0.3162          0.0311          0.0000          0.0000
    2902.00         32.6486         60.4133         22.8346         42.2308          0.5662         15.2567       3559.0474       3424.6404         11.4177         42.1108         31.4050       2426.5200        956.0096          0.3462          0.2800          0.0662          0.0019          0.0004
    2903.00         22.8346         42.2308         23.0013         41.7892          0.6030         14.0016       3562.3259       3426.7510         10.7196         42.9340         32.0720       2427.5193        956.2977          0.2896          0.2896          0.0000          0.0033          0.0000
    2904.00         23.0013         41.7892         26.1782         49.3577          0.5502         15.7351       3563.7542       3428.6934          9.7345         43.1146         32.3144       2428.9875        956.5914          0.2985          0.2985          0.0000          0.0002          0.0000
    2905.00         26.1782         49.3577         22.3042         42.9396          0.3975         11.7977       3573.7104       3430.1685         10.2863         43.5042         32.2311       2429.8274        956.8370          0.2969          0.2860          0.0109          0.0121          0.0005
    2906.00         22.3042         42.9396         16.8064         32.4486          0.5293         11.2856       3580.7769       3434.6865         11.0663         46.2864         32.3634       2431.3667        957.0334          0.2649          0.2649          0.0000          0.0032          0.0000
    2907.00         16.8064         32.4486         33.7798         60.6619          0.7658         18.4046       3570.6123       3432.1860          8.0566         41.1025         32.2069       2433.6748        957.4088          0.3056          0.3056          0.0000          0.0017          0.0000
    2908.00         33.7798         60.6619         25.2874         46.8210          0.6140         15.4699       3567.5410       3433.9773          9.6700         41.8151         31.9917       2434.4790        957.6831          0.3425          0.3083          0.0342          0.0043          0.0005
    2909.00         25.2874         46.8210         36.4825         66.3029          1.1803         22.3611       3551.9360       3431.4902          7.3666         38.7470         31.5941       2434.6467        958.0964          0.3668          0.3364          0.0305          0.0020          0.0002
    2910.00         36.4825         66.3029         25.3586         46.2985          0.5837         15.5721       3564.4612       3431.3877          9.4899         39.0936         31.3858       2433.9551        958.3392          0.4261          0.2841          0.1420          0.0028          0.0014
    2911.00         25.3586         46.2985         23.5475         43.1857          0.8284         14.8415       3567.6514       3435.2261         10.5427         42.4667         31.6308       2434.1658        958.5936          0.2900          0.2900          0.0000          0.0040          0.0000
    2912.00         23.5475         43.1857         33.2026         61.2053          0.8578         19.2013       3561.6064       3432.8955          8.2841         39.3548         31.7230       2434.5879        958.9528          0.3141          0.3141          0.0000          0.0015          0.0000
    2913.00         33.2026         61.2053         28.2966         52.8422          0.7012         17.1690       3564.0657       3433.8330          9.1040         40.1203         31.6179       2434.4607        959.2521          0.3628          0.3013          0.0615          0.0026          0.0005
    2914.00         28.2966         52.8422         34.3036         62.3113          1.0193         20.7432       3552.7876       3434.2996          8.3671         40.3517         31.4502       2434.3101        959.6377          0.3505          0.3291          0.0213          0.0060          0.0004
    2915.00         34.3036         62.3113         33.2606         61.0492          1.0488         21.0362       3553.3076       3433.5383          8.8474         39.8994         31.2845       2433.6650        959.9738          0.4169          0.3014          0.1156          0.0075          0.0029
    2916.00         33.2606         61.0492         29.0454         51.8346          0.7619         17.9478       3554.7722       3432.6704          9.2498         39.6459         31.3070       2432.7371        960.2877          0.3464          0.3205          0.0259          0.0014          0.0001
    2917.00         29.0454         51.8346         40.9552         75.3381          1.3866         24.4601       3544.5662       3430.5679          7.6713         38.5910         31.1119       2431.2661        960.7108          0.4089          0.3294          0.0795          0.0037          0.0009
    2918.00         40.9552         75.3381         34.9916         64.0067          1.0011         21.5594       3548.7742       3430.2178          9.0016         39.5420         31.0285       2429.6174        961.0585          0.4292          0.3139          0.1153          0.0064          0.0024
    2919.00         34.9916         64.0067         28.0544         50.6703          0.7031         17.3520       3552.7769       3431.0781          9.7848         41.0871         31.2253       2428.6033        961.3876          0.3626          0.3004          0.0622          0.0084          0.0017
    2920.00         28.0544         50.6703         25.2744         46.6848          0.6393         15.3443       3565.8264       3431.8765         10.1000         41.5661         31.4995       2428.6655        961.6447          0.2991          0.2787          0.0204          0.0038          0.0003
    2921.00         25.2744         46.6848         20.8448         38.2522          0.4664         12.4267       3575.1707       3436.4380         11.1761         44.9253         31.8462       2429.6323        961.8802          0.2746          0.2746          0.0000          0.0067          0.0000
    2922.00         20.8448         38.2522         39.5016         73.5048          1.0819         22.9391       3560.7222       3434.7451          7.6994         41.0045         31.8025       2431.4312        962.3092          0.3189          0.3189          0.0000          0.0000          0.0000
    2923.00         39.5016         73.5048         30.7518         56.0708          0.7112         18.9643       3562.0015       3433.6621          8.6371         39.6199         31.5814       2431.3918        962.6505          0.3981          0.3170          0.0812          0.0021          0.0005
    2924.00         30.7518         56.0708         24.1224         44.8974          0.5291         14.4660       3565.2283       3435.7378          9.8697         41.5663         31.5646       2431.2283        962.9432          0.3666          0.2937          0.0729          0.0096          0.0024
    2925.00         24.1224         44.8974         36.8607         66.0281          1.1840         22.9225       3555.1497       3434.6079          7.8529         39.7794         31.3859       2431.4932        963.3356          0.3046          0.3046          0.0000          0.0056          0.0000
    2926.00         36.8607         66.0281         31.0958         57.5323          1.0913         20.6822       3554.3257       3434.3613          8.8738         39.7268         31.2321       2430.9578        963.6768          0.3404          0.3035          0.0369          0.0056          0.0007
    2927.00         31.0958         57.5323         25.2669         46.5531          0.6648         15.7998       3564.7969       3436.0659         10.4546         41.6359         31.3261       2430.4956        963.9342          0.3222          0.2890          0.0332          0.0066          0.0008
    2928.00         25.2669         46.5531         43.8032         79.3203          1.4391         26.4806       3543.1648       3429.8174          6.2794         36.4213         30.8387       2428.9666        964.4293          0.3526          0.3526          0.0000          0.0029          0.0000
    2929.00         43.8032         79.3203         28.4262         50.8104          0.8418         19.3400       3555.1838       3431.6746          9.6934         39.4811         30.7135       2427.4983        964.6950          0.4822          0.2935          0.1887          0.0041          0.0026
    2930.00         28.4262         50.8104         42.6720         77.1302          1.4212         25.7257       3538.8816       3429.0391          7.5540         38.1696         30.8026       2425.7185        965.1508          0.3500          0.3500          0.0000          0.0027          0.0000
    2931.00         42.6720         77.1302         39.1994         71.4446          1.3538         24.4871       3544.2603       3426.8872          8.5074         38.0032         30.7775       2423.3696        965.5143          0.5021          0.3185          0.1837          0.0037          0.0021
    2932.00         39.1994         71.4446         44.8065         81.1712          1.2084         28.2451       3539.0515       3424.4863          7.7406         37.5314         30.9704       2420.9990        965.9557          0.4199          0.3365          0.0834          0.0000          0.0000
    2933.00         44.8065         81.1712         29.4711         53.7847          1.0246         20.7831       3549.1272       3427.8174         10.5076         41.1367         31.5383       2420.4146        966.2662          0.4402          0.3028          0.1374          0.0026          0.0012
    2934.00         29.4711         53.7847         26.4596         48.5630          0.6952         17.1463       3565.3870       3432.2603         11.6957         44.6412         32.2143       2421.0908        966.5280          0.3225          0.2976          0.0250          0.0020          0.0002
    2935.00         26.4596         48.5630         27.8299         52.8857          0.6149         15.7666       3574.9387       3434.7163         11.1162         44.8556         32.9918       2423.0276        966.8331          0.3133          0.3026          0.0106          0.0099          0.0003
    2936.00         27.8299         52.8857         33.5805         61.2995          0.9358         19.7136       3564.5256       3434.5889          8.4942         41.6403         33.2277       2425.7056        967.2430          0.3404          0.3242          0.0162          0.0031          0.0002
    2937.00         33.5805         61.2995         38.0816         69.4041          1.0428         23.4601       3562.0759       3434.6372          7.9933         40.4047         32.7725       2426.5964        967.6361          0.4167          0.3198          0.0970          0.0000          0.0000
    2938.00         38.0816         69.4041         26.9039         49.3588          0.8973         18.6304       3565.9346       3437.3516          9.8331         41.9607         32.8020       2427.4421        967.9487          0.3888          0.3040          0.0848          0.0042          0.0012
    2939.00         26.9039         49.3588         32.4492         58.8796          0.9129         20.7453       3565.0442       3437.4111          8.8186         40.7322         32.8753       2428.3716        968.3073          0.3362          0.3072          0.0290          0.0000          0.0000
    2940.00         32.4492         58.8796         16.7186         31.2775          0.3810         10.5305       3589.4797       3440.2737         11.2222         43.0398         32.8923       2428.7522        968.4818          0.3140          0.2731          0.0409          0.0034          0.0005
    2941.00         16.7186         31.2775         37.9797         69.6217          1.0486         22.8489       3568.7019       3442.0205          7.8081         41.5841         32.9240       2431.5039        968.9326          0.3283          0.3283          0.0000          0.0012          0.0000
    2942.00         37.9797         69.6217         29.5444         54.2216          0.9275         18.3984       3565.1213       3442.4558          9.0194         41.4338         32.3499       2431.7295        969.2925          0.4357          0.3160          0.1197          0.0062          0.0024
    2943.00         29.5444         54.2216         32.0994         59.1933          0.6998         18.7138       3566.8879       3441.6011          8.8736         40.4481         32.0843       2431.5339        969.6190          0.3924          0.3201          0.0722          0.0020          0.0005
    2944.00         32.0994         59.1933         33.7726         62.0614          0.9491         19.5703       3565.7041       3441.2927          8.7493         40.0175         31.9478       2431.2949        969.9802          0.3890          0.3053          0.0837          0.0044          0.0012
    2945.00         33.7726         62.0614         31.5428         56.8803          0.8227         18.8727       3559.8877       3439.6311          8.1391         38.7800         31.6658       2430.4973        970.3538          0.3573          0.3246          0.0328          0.0014          0.0001
    2946.00         31.5428         56.8803         31.8569         57.6057          0.8292         19.3656       3564.4116       3442.0918          9.3312         41.3835         31.5367       2430.0496        970.6586          0.3985          0.3045          0.0940          0.0054          0.0017
    2947.00         31.8569         57.6057         43.8253         78.7147          1.2918         26.3963       3556.2754       3439.2209          7.5279         38.9210         31.3374       2429.2144        971.0857          0.3704          0.3375          0.0329          0.0000          0.0000
    2948.00         43.8253         78.7147         31.3429         56.4588          0.7535         20.0904       3570.0117       3441.2646         10.3620         41.3021         31.5137       2428.5962        971.3665          0.4479          0.2973          0.1506          0.0000          0.0000
    2949.00         31.3429         56.4588         30.9498         57.2295          1.1620         19.4822       3567.9282       3443.9014         10.2886         42.8129         32.2100       2429.3606        971.7278          0.3258          0.3147          0.0111          0.0052          0.0002
    2950.00         30.9498         57.2295         33.8978         62.5628          1.2611         21.8699       3558.4707       3441.7759          8.2526         40.0485         32.2244       2429.5769        972.1503          0.3891          0.3193          0.0698          0.0085          0.0019
    2951.00         33.8978         62.5628         38.6274         69.3029          1.0111         24.4693       3558.2871       3439.4673          7.9580         38.6385         31.7654       2428.2988        972.5301          0.3994          0.3199          0.0795          0.0002      0.4654E-04
    2952.00         38.6274         69.3029         30.3528         54.3434          0.9420         19.9464       3559.4990       3440.8643          9.5520         40.5684         31.8205       2427.4175        972.8784          0.3963          0.3083          0.0880          0.0064          0.0018
    2953.00         30.3528         54.3434         35.9694         65.0934          1.1840         22.5595       3561.4917       3441.5464          9.3157         41.0402         32.0186       2427.2786        973.2277          0.3583          0.3112          0.0471          0.0050          0.0008
    2954.00         35.9694         65.0934         29.0091         53.6126          0.4945         16.8650       3576.8643       3441.8457         10.2471         41.1180         32.2571       2427.2180        973.5097          0.3655          0.3030          0.0625          0.0013          0.0003
    2955.00         29.0091         53.6126         47.3318         85.6131          1.4327         28.7445       3551.0320       3437.3921          6.1126         36.9548         31.6677       2426.3826        974.0548          0.3851          0.3617          0.0234          0.0015      0.9881E-04
    2956.00         47.3318         85.6131         20.7674         38.1097          0.5056         13.5554       3577.4646       3441.4043         10.8692         41.6792         31.4492       2425.4727        974.2524          0.5027          0.2880          0.2147          0.0040          0.0030
    2957.00         20.7674         38.1097         38.2009         68.3538          1.0574         22.3028       3570.5627       3442.2271          8.8891         41.1420         32.0655       2426.4341        974.6509          0.3098          0.3098          0.0000          0.0039          0.0000
    2958.00         38.2009         68.3538         33.7833         62.3832          0.8835         20.5625       3569.9680       3442.6304          9.1489         40.7191         32.2178       2426.8936        975.0177          0.3584          0.3098          0.0486          0.0067          0.0010
    2959.00         33.7833         62.3832         44.3475         81.0027          1.5359         27.0935       3557.0742       3440.4487          7.2898         38.4823         31.8898       2426.4890        975.4774          0.3849          0.3432          0.0418          0.0022          0.0003
    2960.00         44.3475         81.0027         26.8978         49.4583          0.6413         16.8073       3573.4480       3443.5020         10.7487         42.0966         31.8666       2425.6499        975.7553          0.4630          0.3006          0.1624          0.0053          0.0028
    2961.00         26.8978         49.4583         37.3574         68.6208          0.9268         21.6247       3568.5178       3442.7251          8.2414         40.3086         32.2287       2426.2446        976.1720          0.3533          0.3308          0.0226          0.0026          0.0002
    2962.00         37.3574         68.6208         40.7061         75.4546          1.3634         25.8176       3556.7190       3442.6890          7.7496         39.6999         31.9382       2426.3752        976.6139          0.4531          0.3335          0.1195          0.0043          0.0015
    2963.00         40.7061         75.4546         30.5310         56.8421          0.7892         19.1210       3572.8777       3444.8499         10.2668         41.9956         31.9844       2425.9475        976.9067          0.4236          0.2976          0.1260          0.0083          0.0035
    2964.00         30.5310         56.8421         39.2150         72.9020          0.8385         23.6432       3570.9614       3443.3516          8.2739         39.6657         32.3017       2426.3696        977.3162          0.3324          0.3255          0.0069          0.0000          0.0000
    2965.00         39.2150         72.9020         30.2484         55.6868          0.7398         19.4994       3582.9365       3447.8657         10.4493         43.2942         32.5035       2426.9634        977.6083          0.3982          0.2961          0.1021          0.0000          0.0000
    2966.00         30.2484         55.6868         28.4819         51.9179          0.8312         17.4654       3587.2031       3451.2798         10.2870         44.3637         33.0562       2428.9705        977.9457          0.3166          0.3091          0.0075          0.0025      0.6148E-04
    2967.00         28.4819         51.9179         32.4322         59.7891          0.6666         19.0075       3589.0803       3451.5256          8.9627         42.0601         33.2285       2431.1584        978.3071          0.3608          0.3108          0.0500          0.0000          0.0000
    2968.00         32.4322         59.7891         26.7999         48.6910          0.8643         16.3268       3593.4065       3456.4727         10.2806         44.8994         33.2513       2432.9663        978.6069          0.3495          0.2981          0.0514          0.0047          0.0008
    2969.00         26.7999         48.6910         26.9721         50.4171          0.6642         16.6698       3598.7402       3457.6311          9.8895         43.6022         33.4079       2435.1252        978.9038          0.3005          0.2895          0.0110          0.0026      0.9989E-04
    2970.00         26.9721         50.4171         33.5268         61.5368          1.1349         20.4422       3584.4060       3458.2256          8.1042         41.6391         33.0584       2437.2554        979.3311          0.3237          0.3237          0.0000          0.0048          0.0000
    2971.00         33.5268         61.5368         43.2553         79.3311          1.3522         26.0339       3573.7703       3455.2969          7.1487         38.6317         32.0473       2436.8887        979.7765          0.4311          0.3292          0.1019          0.0038          0.0012
    2972.00         43.2553         79.3311         31.2064         56.8420          1.0066         20.4858       3583.6421       3456.5125          9.6108         40.1839         31.9531       2436.2546        980.0740          0.4241          0.3050          0.1192          0.0027          0.0011
    2973.00         31.2064         56.8420         34.0617         62.1680          0.8323         21.4552       3583.3840       3457.3464          9.2064         40.6787         32.2350       2436.2295        980.4382          0.3476          0.3119          0.0356          0.0004      0.4002E-04
    2974.00         34.0617         62.1680         29.6734         54.2296          1.0345         18.8193       3586.7861       3459.9714         10.0210         42.4506         32.4772       2436.7563        980.7644          0.3633          0.3019          0.0614          0.0049          0.0010
    2975.00         29.6734         54.2296         31.2751         58.2262          0.8707         18.8122       3588.8320       3459.9136          9.1741         41.5729         32.5357       2437.2273        981.1132          0.3399          0.3134          0.0266          0.0028          0.0002
    2976.00         31.2751         58.2262         33.1773         61.0894          0.7140         18.5183       3589.7883       3459.2524          8.6378         40.3574         32.3810       2437.4287        981.4664          0.3944          0.3283          0.0661          0.0032          0.0006
    2977.00         33.1773         61.0894         38.4880         69.2395          1.3021         22.9303       3577.4463       3459.2012          7.8452         40.2387         31.8651       2437.0603        981.9020          0.4324          0.3291          0.1033          0.0050          0.0016
    2978.00         38.4880         69.2395         38.7389         70.2882          0.8932         22.2684       3579.5623       3455.7795          7.7966         37.9023         31.4946       2435.6028        982.2744          0.4611          0.3433          0.1178          0.0009          0.0003
    2979.00         38.7389         70.2882         24.7450         44.6909          0.8007         16.3395       3589.8230       3461.1438         10.9367         43.1018         31.7562       2435.5088        982.5332          0.4346          0.2808          0.1538          0.0058          0.0032
    2980.00         24.7450         44.6909         22.2247         42.2139          0.6011         13.2470       3600.9700       3464.7695         11.3778         45.2506         32.3281       2436.7239        982.7951          0.2816          0.2816          0.0000          0.0071          0.0000
    2981.00         22.2247         42.2139         27.8359         52.2964          0.8410         17.9992       3602.3413       3466.8215          9.8839         44.5970         32.7613       2439.1233        983.1014          0.2871          0.2871          0.0000          0.0025          0.0000
    2982.00         27.8359         52.2964         34.6635         63.2983          0.9412         20.9529       3598.7253       3465.7598          8.5469         41.4393         32.6826       2440.8489        983.4716          0.3130          0.3130          0.0000          0.0025          0.0000
    2983.00         34.6635         63.2983         32.0647         58.8317          1.1575         20.3174       3584.9167       3464.8213          8.2586         39.5970         32.3878       2441.3433        983.8810          0.3767          0.3138          0.0629          0.0059          0.0012
    2984.00         32.0647         58.8317         34.1711         62.0158          0.6767         20.0536       3585.9810       3461.3564          7.5888         37.2426         31.8660       2439.8752        984.2385          0.3909          0.3320          0.0588          0.0012          0.0002
    2985.00         34.1711         62.0158         35.7167         66.0246          1.1094         20.8351       3583.0293       3462.9771          8.5407         39.9192         31.5347       2438.4666        984.5914          0.4356          0.3247          0.1109          0.0049          0.0017
    2986.00         35.7167         66.0246         19.2992         35.4714          0.3294         11.9972       3603.8098       3466.2764         10.9374         43.2448         31.5587       2438.2346        984.7968          0.3702          0.2780          0.0922          0.0003      0.9540E-04
    2987.00         19.2992         35.4714         20.2613         38.2827          0.6247         12.7020       3611.9812       3471.5349         11.5633         46.7942         32.0546       2439.7224        985.0182          0.2827          0.2827          0.0000          0.0028          0.0000
    2988.00         20.2613         38.2827         24.5604         44.2938          0.4792         12.7289       3616.4885       3472.8906         10.6436         45.8679         32.3825       2441.7275        985.2953          0.2901          0.2901          0.0000          0.0057          0.0000
    2989.00         24.5604         44.2938         39.0703         70.7545          1.2581         23.4694       3597.2183       3470.4746          7.3423         40.7397         32.0708       2444.0002        985.7346          0.3269          0.3269          0.0000          0.0019          0.0000
    2990.00         39.0703         70.7545         39.4189         71.7885          1.1628         24.7510       3587.6697       3467.4038          7.4862         38.1431         31.4673       2443.1208        986.1398          0.4404          0.3294          0.1110          0.0006          0.0002
    2991.00         39.4189         71.7885         34.6840         62.5516          0.8536         20.8185       3584.5295       3465.9463          8.7099         38.5571         31.2204       2440.8721        986.5170          0.4341          0.3166          0.1175          0.0052          0.0019
    2992.00         34.6840         62.5516         21.5628         40.5709          0.6052         13.8886       3603.1919       3469.8379         11.2394         42.6829         31.4102       2440.4353        986.7197          0.3516          0.2781          0.0735          0.0022          0.0006
    2993.00         21.5628         40.5709         25.2318         45.9803          0.7194         14.7399       3610.0679       3473.5857         11.4057         45.0628         32.0430       2441.5461        986.9769          0.2936          0.2936          0.0000          0.0053          0.0000
    2994.00         25.2318         45.9803         29.0625         52.7418          0.7079         17.1969       3605.3235       3473.2815          9.4346         42.6632         32.4486       2443.2935        987.3249          0.2957          0.2957          0.0000          0.0055          0.0000
    2995.00         29.0625         52.7418         16.9568         32.9438          0.4575         10.8326       3620.9741       3477.4150         11.3248         45.6215         32.5273       2444.2896        987.5039          0.2767          0.2767          0.0000          0.0069          0.0000
    2996.00         16.9568         32.9438         40.3372         74.7811          1.2604         23.6090       3593.5278       3473.7578          6.9162         39.6939         32.0164       2446.0640        988.0001          0.3366          0.3366          0.0000          0.0054          0.0000
    2997.00         40.3372         74.7811         30.5339         56.6844          0.7804         19.3589       3590.2451       3471.2312          8.3539         37.9068         31.4971       2444.9917        988.3327          0.4454          0.3029          0.1425          0.0049          0.0023
    2998.00         30.5339         56.6844         31.3633         59.2845          0.6661         18.7913       3595.9343       3470.8843          8.9463         38.6586         31.4110       2443.6008        988.6247          0.3253          0.3067          0.0186          0.0017          0.0001
    2999.00         31.3633         59.2845         25.4663         47.3814          0.7200         15.4203       3606.3137       3472.9419         10.1131         41.0079         31.5320       2443.0520        988.8820          0.3235          0.2928          0.0307          0.0039          0.0004
    3000.00         25.4663         47.3814         28.7078         52.1328          0.8508         17.3180       3599.7427       3474.0012          9.0873         41.4862         31.6998       2443.2844        989.2305          0.3020          0.3020          0.0000          0.0086          0.0000
    3001.00         28.7078         52.1328         29.4866         52.9106          0.8187         17.3558       3605.9692       3474.7686          9.4344         41.8205         31.6174       2443.4360        989.5120          0.3125          0.2981          0.0145          0.0037          0.0002
    3002.00         29.4866         52.9106         10.0047         19.4547          0.4183          9.4730       3618.8340       3477.5989         11.6239         44.2416         31.6989       2443.7366        989.6208          0.2772          0.2610          0.0162          0.0046          0.0003
    3002.08         10.0047         19.4547          0.0000          0.0000          0.4183          8.0520       3618.5186       3477.6377         11.6520         44.2706         31.7019       2443.7444        989.6228          0.0033          0.0033          0.0000          0.0033          0.0000
    3002.17         10.0047         19.4547          0.0000          0.0000          0.4183          6.8442       3614.8928       3478.0034         11.9909         44.5217         31.7418       2443.8394        989.6423          0.0069          0.0069          0.0000          0.0036          0.0000
    3002.25         10.0047         19.4547          0.0000          0.0000          0.3764          5.8595       3614.4128       3478.0361         12.0326         44.5379         31.7480       2443.8530        989.6452          0.0134          0.0134          0.0000          0.0065          0.0000
    3002.33         10.0047         19.4547          0.6723          1.5465          0.9805          5.0487       3619.5713       3478.0859         12.1149         44.5593         31.7597       2443.8765        989.6501          0.0193          0.0193          0.0000          0.0060          0.0000
    3002.42         10.0047         19.4547          2.0424          4.6797          2.1721          4.4699       3623.5999       3478.3037         12.2832         44.7124         31.7858       2443.9309        989.6603          0.0307          0.0307          0.0000          0.0114          0.0000
    3002.50         10.0047         19.4547         13.6828         25.8683         13.7429          3.8690       3607.3381       3478.9810         12.2616         44.5019         32.1709       2444.6841        989.7948          0.1230          0.1230          0.0000          0.0923          0.0000
    3002.58         10.0047         19.4547         22.1202         40.4502         20.9810          4.4880       3600.7866       3477.5083         10.6430         42.6608         32.2905       2444.9585        989.8889          0.1874          0.1874          0.0000          0.0645          0.0000
    3002.67         10.0047         19.4547         34.5687         63.3716         33.4015          3.8429       3589.2141       3474.7588          8.1614         39.8694         32.0890       2444.8699        990.0195          0.2868          0.2868          0.0000          0.0994          0.0000
    3002.75         10.0047         19.4547         39.9536         73.1137         35.7265          6.3262       3591.4700       3473.9719          7.4738         39.2350         31.9142       2444.6760        990.0609          0.3181          0.3181          0.0000          0.0313          0.0000
    3002.83         10.0047         19.4547         39.9536         73.1137          1.7863         39.3175       3590.6692       3473.9587          7.4051         39.2407         31.8912       2444.6526        990.0655          0.3290          0.3290          0.0000          0.0108          0.0000
    3002.92         10.0047         19.4547         39.9536         73.1137          1.7853         33.4209       3587.8364       3473.8462          7.2017         39.1986         31.8056       2444.5654        990.0823          0.3335          0.3335          0.0000          0.0045          0.0000
    3003.00         10.0047         19.4547         39.9536         73.1137          1.7301         28.4630       3587.6392       3473.8328          7.2085         39.1907         31.7995       2444.5586        990.0836          0.3359          0.3359          0.0000          0.0025          0.0000
    3003.08         39.9536         73.1137          0.0000          0.0000          1.6207         24.3029       3587.4822       3473.8232          7.2286         39.1840         31.7949       2444.5547        990.0845          0.1440          0.0027          0.1413          0.0027          0.0013
    3003.17         39.9536         73.1137          0.0000          0.0000          1.5833         20.6949       3587.2776       3473.8086          7.2711         39.1749         31.7892       2444.5479        990.0860          0.1480          0.0067          0.1413          0.0040          0.0019
    3003.25         39.9536         73.1137          0.0000          0.0000          1.2854         17.8885       3587.2202       3473.8054          7.2872         39.1722         31.7876       2444.5469        990.0865          0.1514          0.0101          0.1413          0.0034          0.0016
    3003.33         39.9536         73.1137          3.0710          6.0318          4.1421         15.4196       3594.6555       3473.7173          7.6384         39.1159         31.7605       2444.5083        990.0931          0.1747          0.0334          0.1413          0.0233          0.0113
    3003.42         39.9536         73.1137          5.4319         10.3602          5.8571         13.7526       3599.7563       3473.7905          8.5764         39.2591         31.7040       2444.4199        990.1116          0.2117          0.0704          0.1413          0.0371          0.0179
    3003.50         39.9536         73.1137         14.9767         28.0029         14.9557         12.1359       3593.1421       3473.9011         10.9185         39.6262         31.6517       2444.0784        990.1965          0.2999          0.1586          0.1413          0.0881          0.0426
    3003.58         39.9536         73.1137         21.5100         39.7602         19.7036         12.1008       3592.6895       3473.4717         11.0082         39.3984         31.6996       2443.8210        990.2523          0.3597          0.2184          0.1413          0.0599          0.0290
    3003.67         39.9536         73.1137         25.1762         46.5056         20.2534         13.4022       3596.6252       3473.4060         10.8888         39.4391         31.7192       2443.6863        990.2808          0.3985          0.2572          0.1413          0.0387          0.0187
    3003.75         39.9536         73.1137         27.0327         50.1861         18.7110         14.7907       3602.9026       3473.5364         10.8449         39.6077         31.7261       2443.6345        990.2943          0.4198          0.2785          0.1413          0.0213          0.0103
    3003.83         39.9536         73.1137         27.0327         50.1861          0.9355         30.3475       3611.1228       3473.5676         10.8460         39.6417         31.7268       2443.6306        990.2955          0.4224          0.2811          0.1413          0.0026          0.0013
    3003.92         39.9536         73.1137         27.0327         50.1861          0.8581         25.8729       3610.9270       3473.6084         10.8525         39.6827         31.7273       2443.6296        990.2962          0.4295          0.2881          0.1413          0.0071          0.0034
    3004.00         39.9536         73.1137         27.0327         50.1861          0.8480         22.0020       3610.6125       3473.6709         10.8815         39.7473         31.7284       2443.6257        990.2979          0.4335          0.2921          0.1413          0.0040          0.0019
    3004.08         27.0327         50.1861          0.0000          0.0000          0.7014         18.8484       3610.5679       3473.6802         10.8880         39.7564         31.7286       2443.6257        990.2982          0.0010          0.0010          0.0000          0.0010          0.0000
    3004.17         27.0327         50.1861          0.0000          0.0000          0.6869         16.0356       3610.2708       3473.7383         10.9435         39.8158         31.7301       2443.6228        990.2996          0.0047          0.0047          0.0000          0.0036          0.0000
    3004.25         27.0327         50.1861          0.0000          0.0000          0.5618         13.7553       3610.2046       3473.7529         10.9585         39.8291         31.7305       2443.6238        990.3001          0.0090          0.0090          0.0000          0.0044          0.0000
    3004.33         27.0327         50.1861          0.9512          2.1433          1.4172         11.7878       3616.4668       3473.9485         11.2196         40.0277         31.7378       2443.6160        990.3047          0.0233          0.0233          0.0000          0.0143          0.0000
    3004.42         27.0327         50.1861          1.5582          3.5398          1.7603         10.2836       3621.9678       3474.3701         11.6611         40.4466         31.7537       2443.6108        990.3127          0.0365          0.0365          0.0000          0.0133          0.0000
    3004.50         27.0327         50.1861          3.6771          7.9003          3.5717          9.0485       3625.0676       3475.4336         12.5778         41.4766         31.8056       2443.6262        990.3307          0.0721          0.0721          0.0000          0.0355          0.0000
    3004.58         27.0327         50.1861          9.4228         18.4061          8.8544          8.1542       3620.3049       3477.8074         14.2188         43.6297         32.0423       2443.7917        990.3860          0.1348          0.1348          0.0000          0.0628          0.0000
    3004.67         27.0327         50.1861         20.6505         38.9287         19.6407          7.3725       3607.5757       3478.7427         14.0629         43.9431         32.6317       2444.2979        990.5018          0.2141          0.2141          0.0000          0.0793          0.0000
    3004.75         27.0327         50.1861         28.8115         53.7949         26.9077          7.1606       3603.5679       3477.9009         12.6692         42.7938         32.9092       2444.5261        990.5812          0.2691          0.2691          0.0000          0.0551          0.0000
    3004.83         27.0327         50.1861         28.8115         53.7949          1.3454         31.6489       3602.0835       3477.8594         12.4986         42.7251         32.9284       2444.5439        990.5905          0.2872          0.2872          0.0000          0.0180          0.0000
    3004.92         27.0327         50.1861         28.8115         53.7949          1.0969         27.1501       3602.0498       3477.8579         12.4952         42.7231         32.9289       2444.5439        990.5907          0.2893          0.2893          0.0000          0.0021          0.0000
    3005.00         27.0327         50.1861         28.8115         53.7949          0.9071         23.2673       3602.0164       3477.8569         12.4948         42.7211         32.9293       2444.5449        990.5909          0.2903          0.2903          0.0000          0.0010          0.0000
    3005.08         28.8115         53.7949          0.0000          0.0000          0.7618         19.9225       3601.9673       3477.8555         12.4977         42.7182         32.9300       2444.5459        990.5914          0.0013          0.0013          0.0000          0.0013          0.0000
    3005.17         28.8115         53.7949          0.0000          0.0000          0.7482         16.9478       3601.7412       3477.8462         12.5252         42.7044         32.9335       2444.5488        990.5931          0.0049          0.0049          0.0000          0.0036          0.0000
    3005.25         28.8115         53.7949          0.0000          0.0000          0.6492         14.5046       3601.6582       3477.8438         12.5397         42.6991         32.9349       2444.5508        990.5936          0.0118          0.0118          0.0000          0.0069          0.0000
    3005.33         28.8115         53.7949          2.1303          4.4775          2.6666         12.4418       3609.1816       3477.7949         12.7393         42.6345         32.9514       2444.5608        990.5995          0.0284          0.0284          0.0000          0.0166          0.0000
    3005.42         28.8115         53.7949          3.2706          7.0278          3.3290         11.0534       3615.3374       3477.8984         13.1466         42.6970         32.9890       2444.5896        990.6117          0.0513          0.0513          0.0000          0.0229          0.0000
    3005.50         28.8115         53.7949         16.6154         31.7696         16.6059          9.4633       3601.6006       3477.8816         14.3385         42.1765         33.5772       2444.9619        990.7432          0.1608          0.1608          0.0000          0.1095          0.0000
    3005.58         28.8115         53.7949         20.5427         39.2331         17.8328         10.7443       3605.9531       3477.6321         13.9374         41.8686         33.6931       2444.9915        990.7720          0.2027          0.2027          0.0000          0.0420          0.0000
    3005.67         28.8115         53.7949         27.8778         52.6596         23.4208         10.8797       3602.6929       3477.3289         12.7256         41.4159         33.9161       2445.0669        990.8462          0.2622          0.2622          0.0000          0.0595          0.0000
    3005.75         28.8115         53.7949         30.1233         56.9908         21.8129         13.1010       3609.1851       3477.3362         12.4778         41.4009         33.9407       2445.0742        990.8611          0.2832          0.2832          0.0000          0.0210          0.0000
    3005.83         28.8115         53.7949         30.1233         56.9908          1.0906         31.8582       3617.1343       3477.4111         12.4227         41.4664         33.9468       2445.0793        990.8655          0.2937          0.2937          0.0000          0.0105          0.0000
    3005.92         28.8115         53.7949         30.1233         56.9908          0.8801         27.2900       3617.1147       3477.4153         12.4220         41.4696         33.9469       2445.0803        990.8655          0.2939          0.2939          0.0000          0.0002          0.0000
    3006.00         28.8115         53.7949         30.1233         56.9908          0.7350         23.3416       3617.0593       3477.4265         12.4238         41.4786         33.9474       2445.0823        990.8657          0.2950          0.2950          0.0000          0.0012          0.0000
    3006.08         30.1233         56.9908          0.0000          0.0000          0.7341         19.8412       3613.3743       3477.9956         12.7037         41.9840         33.9815       2445.1277        990.8839          0.0054          0.0054          0.0000          0.0054          0.0000
    3006.17         30.1233         56.9908          0.0000          0.0000          0.7335         16.8657       3609.9272       3478.3462         13.0220         42.2674         34.0232       2445.1768        990.9020          0.0109          0.0109          0.0000          0.0056          0.0000
    3006.25         30.1233         56.9908          0.0000          0.0000          0.5953         14.4740       3609.9106       3478.3472         13.0239         42.2682         34.0235       2445.1768        990.9020          0.0124          0.0124          0.0000          0.0015          0.0000
    3006.33         30.1233         56.9908          0.4958          1.1404          0.9869         12.4071       3616.6638       3478.4014         13.1509         42.3060         34.0362       2445.1885        990.9069          0.0236          0.0236          0.0000          0.0112          0.0000
    3006.42         30.1233         56.9908          5.0197          9.3396          5.3493         10.7076       3620.2988       3478.9185         13.7523         42.7218         34.1073       2445.2676        990.9293          0.0600          0.0600          0.0000          0.0364          0.0000
    3006.50         30.1233         56.9908          6.8936         13.3250          6.2869         10.0377       3624.5154       3479.4592         14.1367         43.1597         34.1780       2445.3513        990.9483          0.0931          0.0931          0.0000          0.0332          0.0000
    3006.58         30.1233         56.9908         20.2659         38.0449         19.5254          8.6659       3607.7302       3480.5317         13.9308         43.3267         34.7651       2446.1138        991.0914          0.2092          0.2092          0.0000          0.1160          0.0000
    3006.67         30.1233         56.9908         26.7194         49.3826         23.5525          9.7924       3607.9690       3479.9700         12.9116         42.5252         34.8956       2446.2981        991.1467          0.2598          0.2598          0.0000          0.0506          0.0000
    3006.75         30.1233         56.9908         28.0745         52.3465         20.7286         12.5025       3615.3196       3479.9756         12.7597         42.4968         34.9073       2446.3232        991.1555          0.2751          0.2751          0.0000          0.0153          0.0000
    3006.83         30.1233         56.9908         28.0745         52.3465          1.0364         30.3193       3623.6135       3479.9956         12.7450         42.5121         34.9086       2446.3271        991.1565          0.2763          0.2763          0.0000          0.0012          0.0000
    3006.92         30.1233         56.9908         28.0745         52.3465          1.0364         25.7714       3619.8308       3480.6143         12.5691         43.0203         34.9306       2446.4187        991.1752          0.2919          0.2919          0.0000          0.0156          0.0000
    3007.00         30.1233         56.9908         28.0745         52.3465          0.9776         21.9645       3617.2832       3480.9082         12.5758         43.2348         34.9458       2446.4846        991.1887          0.2946          0.2946          0.0000          0.0027          0.0000
    3007.08         28.0745         52.3465          0.0000          0.0000          0.9091         18.7384       3615.0747       3481.0889         12.6710         43.3419         34.9612       2446.5459        991.2011          0.0020          0.0020          0.0000          0.0020          0.0000
    3007.17         28.0745         52.3465          0.0000          0.0000          0.7414         16.0953       3614.8171       3481.1040         12.6918         43.3488         34.9633       2446.5522        991.2028          0.0025          0.0025          0.0000          0.0005          0.0000
    3007.25         28.0745         52.3465          0.0000          0.0000          0.6082         13.8142       3614.7742       3481.1052         12.6969         43.3498         34.9636       2446.5522        991.2031          0.0058          0.0058          0.0000          0.0033          0.0000
    3007.33         28.0745         52.3465          0.3705          0.8523          0.8616         11.8592       3622.6548       3481.1155         12.7272         43.3542         34.9655       2446.5571        991.2040          0.0070          0.0070          0.0000          0.0012          0.0000
    3007.42         28.0745         52.3465          1.2093          2.7817          1.5386         10.2421       3628.8867       3481.3154         12.9554         43.5048         34.9788       2446.5991        991.2114          0.0173          0.0173          0.0000          0.0103          0.0000
    3007.50         28.0745         52.3465          6.5488         11.5866          6.6616          8.9223       3626.9241       3482.7439         14.0723         44.5712         35.1020       2446.9141        991.2585          0.0653          0.0653          0.0000          0.0480          0.0000
    3007.58         28.0745         52.3465         19.5617         35.5584         19.5119          7.7465       3611.6919       3483.2939         13.6474         44.0332         35.5435       2447.8647        991.3961          0.1470          0.1470          0.0000          0.0816          0.0000
    3007.67         28.0745         52.3465         29.5477         53.6811         28.5229          7.5595       3604.5239       3481.7732         11.6098         41.9833         35.6535       2448.2874        991.5026          0.2111          0.2111          0.0000          0.0641          0.0000
    3007.75         28.0745         52.3465         37.7159         68.7014         36.6677          6.4491       3600.8542       3480.6780         10.0706         40.7298         35.5227       2448.3679        991.5804          0.2865          0.2865          0.0000          0.0754          0.0000
    3007.83         28.0745         52.3465         37.7159         68.7014          1.8334         40.3160       3597.9438       3480.5557          9.7536         40.5965         35.4632       2448.3606        991.5988          0.3152          0.3152          0.0000          0.0287          0.0000
    3007.92         28.0745         52.3465         37.7159         68.7014          1.8334         34.2686       3597.7134       3480.5405          9.7316         40.5803         35.4580       2448.3596        991.6005          0.3230          0.3230          0.0000          0.0078          0.0000
    3008.00         28.0745         52.3465         37.7159         68.7014          1.8334         29.1283       3597.4834       3480.5244          9.7359         40.5635         35.4531       2448.3586        991.6022          0.3259          0.3259          0.0000          0.0029          0.0000
    3008.08         37.7159         68.7014          0.0000          0.0000          1.8334         24.7591       3597.2544       3480.5078          9.7621         40.5461         35.4485       2448.3577        991.6039          0.0886          0.0035          0.0851          0.0035          0.0010
    3008.17         37.7159         68.7014          0.0000          0.0000          1.8334         21.0452       3597.0261       3480.4902          9.8069         40.5281         35.4443       2448.3567        991.6056          0.0907          0.0056          0.0851          0.0021          0.0006
    3008.25         37.7159         68.7014          0.0000          0.0000          1.8334         17.8884       3596.7991       3480.4727          9.8670         40.5096         35.4404       2448.3557        991.6073          0.0907          0.0056          0.0851          0.0000          0.0000
    3008.33         37.7159         68.7014          3.5108          6.0861          5.0170         15.5324       3604.9541       3480.4180         10.0698         40.4545         35.4304       2448.3518        991.6117          0.1026          0.0175          0.0851          0.0118          0.0033
    3008.42         37.7159         68.7014          4.9955          9.1478          5.6257         14.0785       3611.7756       3480.4941         10.7028         40.5205         35.4080       2448.3494        991.6244          0.1283          0.0432          0.0851          0.0258          0.0073
    3008.50         37.7159         68.7014          5.6773         10.7162          5.2797         12.9946       3618.2263       3480.7505         11.2591         40.7574         35.3973       2448.3572        991.6359          0.1510          0.0658          0.0851          0.0226          0.0064
    3008.58         37.7159         68.7014          9.1878         17.0435          7.9826         11.8529       3619.5286       3481.7532         12.5841         41.6533         35.4077       2448.4285        991.6714          0.1993          0.1142          0.0851          0.0484          0.0137
    3008.67         37.7159         68.7014         23.0079         42.5829         21.7512         10.1265       3604.3120       3482.3259         13.2374         41.6815         35.6930       2448.8337        991.8105          0.3073          0.2222          0.0851          0.1079          0.0305
    3008.75         37.7159         68.7014         31.3614         57.7865         29.4363          9.2759       3602.2427       3481.4033         12.0119         40.6413         35.7547       2448.8772        991.8847          0.3655          0.2803          0.0851          0.0582          0.0164
    3008.83         37.7159         68.7014         31.3614         57.7865          1.4718         35.8490       3610.8928       3481.3984         11.9348         40.6319         35.7528       2448.8772        991.8893          0.3774          0.2923          0.0851          0.0119          0.0034
    3008.92         37.7159         68.7014         31.3614         57.7865          1.2970         30.6465       3610.7769       3481.4116         11.9273         40.6435         35.7525       2448.8782        991.8898          0.3824          0.2973          0.0851          0.0051          0.0014
    3009.00         37.7159         68.7014         31.3614         57.7865          1.2886         26.0579       3610.5012       3481.4419         11.9325         40.6703         35.7522       2448.8801        991.8915          0.3865          0.3014          0.0851          0.0041          0.0011
    3009.08         31.3614         57.7865          0.0000          0.0000          1.1794         22.2584       3610.3384       3481.4600         11.9471         40.6856         35.7521       2448.8821        991.8923          0.0544          0.0022          0.0521          0.0022          0.0004
    3009.17         31.3614         57.7865          0.0000          0.0000          1.1474         18.9516       3610.0923       3481.4834         11.9834         40.7077         35.7523       2448.8821        991.8935          0.0576          0.0054          0.0521          0.0032          0.0006
    3009.25         31.3614         57.7865          0.0000          0.0000          0.9342         16.3221       3610.0601       3481.4873         11.9899         40.7105         35.7524       2448.8831        991.8937          0.0603          0.0081          0.0521          0.0027          0.0005
    3009.33         31.3614         57.7865          0.5119          1.1775          1.2845         14.0354       3617.2793       3481.5742         12.2155         40.7884         35.7550       2448.8870        991.8989          0.0728          0.0206          0.0521          0.0125          0.0022
    3009.42         31.3614         57.7865          3.4416          6.5314          4.0013         12.1430       3622.5806       3482.0762         12.9359         41.2441         35.7736       2448.9167        991.9154          0.1029          0.0507          0.0521          0.0301          0.0052
    3009.50         31.3614         57.7865          4.6443          9.2335          4.4856         11.0399       3627.8660       3482.6665         13.5020         41.7739         35.8032       2448.9622        991.9303          0.1301          0.0779          0.0521          0.0272          0.0047
    3009.58         31.3614         57.7865         15.6189         29.4397         15.3086          9.5355       3610.5320       3484.7874         14.7124         43.1142         36.2715       2449.6077        992.0654          0.2349          0.1827          0.0521          0.1048          0.0182
    3009.67         31.3614         57.7865         25.8786         47.9879         24.7230          8.9505       3603.9282       3483.4060         12.8077         41.3306         36.5027       2449.9050        992.1705          0.3044          0.2522          0.0521          0.0695          0.0121
    3009.75         31.3614         57.7865         29.6794         54.7679         25.0123         11.1195       3609.1846       3483.2019         12.2870         41.0775         36.5039       2449.9277        992.1965          0.3340          0.2818          0.0521          0.0296          0.0051
    3009.83         31.3614         57.7865         29.6794         54.7679          1.2506         33.2132       3617.7124       3483.2366         12.2246         41.1039         36.5023       2449.9326        992.2001          0.3443          0.2921          0.0521          0.0103          0.0018
    3009.92         31.3614         57.7865         29.6794         54.7679          1.0097         28.4722       3617.7021       3483.2393         12.2239         41.1054         36.5023       2449.9336        992.2001          0.3446          0.2924          0.0521          0.0003      0.4873E-04
    3010.00         31.3614         57.7865         29.6794         54.7679          1.0096         24.2014       3614.1851       3483.7073         12.2377         41.5100         36.4977       2449.9790        992.2182          0.3520          0.2999          0.0521          0.0075          0.0013
    3010.08         29.6794         54.7679          0.0000          0.0000          0.8715         20.7094       3613.1277       3483.8059         12.2925         41.5890         36.4971       2449.9932        992.2238          0.0147          0.0017          0.0130          0.0017      0.7540E-04
    3010.17         29.6794         54.7679          0.0000          0.0000          0.8693         17.6051       3609.9343       3484.0173         12.5780         41.7378         36.5003       2450.0376        992.2419          0.0226          0.0097          0.0130          0.0080          0.0004
    3010.25         29.6794         54.7679          0.0000          0.0000          0.7063         15.1273       3609.8796       3484.0208         12.5845         41.7387         36.5004       2450.0396        992.2424          0.0258          0.0129          0.0130          0.0032          0.0001
    3010.33         29.6794         54.7679          0.6276          1.4436          1.2079         12.9842       3616.9446       3484.0491         12.7305         41.7488         36.5039       2450.0522        992.2480          0.0392          0.0263          0.0130          0.0134          0.0006
    3010.42         29.6794         54.7679          4.8126          9.7129          5.1839         11.2456       3622.3892       3484.3569         13.1700         41.9900         36.5198       2450.1030        992.2639          0.0704          0.0574          0.0130          0.0312          0.0014
    3010.50         29.6794         54.7679         12.8507         24.4851         12.7096         10.0712       3617.5037       3485.5527         14.1690         42.8134         36.6617       2450.4028        992.3366          0.1426          0.1297          0.0130          0.0722          0.0032
    3010.58         29.6794         54.7679         17.4085         32.5774         15.3820         10.4459       3619.4480       3485.8525         14.0394         42.9025         36.7492       2450.5735        992.3763          0.1920          0.1790          0.0130          0.0493          0.0022
    3010.67         29.6794         54.7679         20.2740         38.1139         15.7136         11.4129       3623.4319       3486.1875         13.8526         43.0839         36.7990       2450.7004        992.4031          0.2281          0.2152          0.0130          0.0362          0.0016
    3010.75         29.6794         54.7679         27.7510         51.9352         22.4975         10.3941       3620.7134       3486.9414         13.1883         43.4307         36.8846       2451.0437        992.4671          0.2809          0.2679          0.0130          0.0527          0.0023
    3010.83         29.6794         54.7679         27.7510         51.9352          1.1249         30.2076       3628.7769       3486.9971         13.1418         43.4599         36.8871       2451.0662        992.4710          0.2917          0.2787          0.0130          0.0108          0.0005
    3010.92         29.6794         54.7679         27.7510         51.9352          0.9331         25.8683       3628.7300       3487.0051         13.1401         43.4658         36.8872       2451.0681        992.4713          0.2948          0.2818          0.0130          0.0031          0.0001
    3011.00         29.6794         54.7679         27.7510         51.9352          0.9331         21.9880       3625.0530       3487.5322         13.2002         43.8481         36.9021       2451.1936        992.4904          0.3047          0.2918          0.0130          0.0100          0.0004
    3011.00         29.6794         54.7679         27.7510         51.9352          0.9331         21.9880       3625.0530       3487.5322         13.2002         43.8481         36.9021       2451.1936        992.4904          0.3047          0.2918          0.0130          0.0100          0.0004
