       time          fcacc      

       1.00          0.0000
       2.00          0.0000
       3.00          0.0000
       4.00          0.0000
       5.00          0.0000
       6.00          0.0000
       7.00          0.0000
       8.00          0.0000
       9.00          0.0000
      10.00          0.0000
      11.00          0.0000
      12.00          0.0000
      13.00          0.0000
      14.00          0.0000
      15.00          0.0000
      16.00          0.0000
      17.00          0.0000
      18.00          0.0000
      19.00          0.0000
      20.00          0.0000
      21.00          0.0000
      22.00          0.0000
      23.00          0.0000
      24.00          0.0000
